0 verbose cli /opt/conda/bin/node /opt/conda/bin/npm
1 info using npm@9.5.0
2 info using node@v18.15.0
3 timing npm:load:whichnode Completed in 10ms
4 timing config:load:defaults Completed in 16ms
5 timing config:load:file:/opt/conda/lib/node_modules/npm/npmrc Completed in 7ms
6 timing config:load:builtin Completed in 8ms
7 timing config:load:cli Completed in 14ms
8 timing config:load:env Completed in 2ms
9 timing config:load:project Completed in 12ms
10 timing config:load:file:/home/jovyan/.npmrc Completed in 2ms
11 timing config:load:user Completed in 3ms
12 timing config:load:file:/opt/conda/etc/npmrc Completed in 1ms
13 timing config:load:global Completed in 3ms
14 timing config:load:setEnvs Completed in 8ms
15 timing config:load Completed in 72ms
16 timing npm:load:configload Completed in 73ms
17 timing npm:load:mkdirpcache Completed in 3ms
18 timing npm:load:mkdirplogs Completed in 3ms
19 verbose title npm prefix
20 verbose argv "prefix" "--global"
21 timing npm:load:setTitle Completed in 13ms
22 timing config:load:flatten Completed in 26ms
23 timing npm:load:display Completed in 35ms
24 verbose logfile logs-max:10 dir:/home/jovyan/.npm/_logs/2023-06-15T15_58_10_721Z-
25 verbose logfile /home/jovyan/.npm/_logs/2023-06-15T15_58_10_721Z-debug-0.log
26 timing npm:load:logFile Completed in 73ms
27 timing npm:load:timers Completed in 2ms
28 timing npm:load:configScope Completed in 1ms
29 timing npm:load Completed in 224ms
30 timing command:prefix Completed in 18ms
31 verbose exit 0
32 timing npm Completed in 335ms
33 info ok
